C51 COMPILER V9.01   MAIN                                                                  01/19/2019 15:14:24 PAGE 1   


C51 COMPILER V9.01, COMPILATION OF MODULE MAIN
OBJECT MODULE PLACED IN main.OBJ
COMPILER INVOKED BY: D:\KEIL\C51\BIN\C51.EXE main.c BROWSE DEBUG OBJECTEXTEND

line level    source

   1          #include <reg52.h>
   2          #include <intrins.h>
   3          #include <stdio.h>
   4          
   5          char putchar(char s)
   6          {
   7   1              SBUF = s;
   8   1              while(TI == 0 )
   9   1              {
  10   2                      _nop_();
  11   2              }
  12   1              TI = 0;
  13   1              return s;
  14   1      }
  15          
  16          void main(void)
  17          {
  18   1              printf("test\n");
  19   1      }


MODULE INFORMATION:   STATIC OVERLAYABLE
   CODE SIZE        =     20    ----
   CONSTANT SIZE    =      6    ----
   XDATA SIZE       =   ----    ----
   PDATA SIZE       =   ----    ----
   DATA SIZE        =   ----    ----
   IDATA SIZE       =   ----    ----
   BIT SIZE         =   ----    ----
END OF MODULE INFORMATION.


C51 COMPILATION COMPLETE.  0 WARNING(S),  0 ERROR(S)
