C51 COMPILER V9.01   MAIN                                                                  01/20/2019 16:12:51 PAGE 1   


C51 COMPILER V9.01, COMPILATION OF MODULE MAIN
OBJECT MODULE PLACED IN main.OBJ
COMPILER INVOKED BY: D:\KEIL\C51\BIN\C51.EXE main.c BROWSE DEBUG OBJECTEXTEND

line level    source

   1          #include <reg52.h>
   2          
   3          typedef unsigned char u8;
   4          typedef unsigned int u16;
   5          
   6          sbit led = P1^7;
   7          sbit test = P1^6;
   8          
   9          u8 receiveBuff[35] = "OK\n";
  10          u8 state = 0;
  11          u16 rxCnt = 0;
  12          bit rxFlag = 0;
  13          
  14          void initUart(void)
  15          {
  16   1              TMOD=0x20;
  17   1              TH1=0xfD;
  18   1              TL1=0xfD;
  19   1              TR1=1;
  20   1              REN=1;
  21   1              SM0=0;
  22   1              SM1=1;
  23   1              EA=1;
  24   1              ES=1;
  25   1      }       
  26          
  27          void delay(void)
  28          {
  29   1              int i, j;
  30   1              for( i= 0; i < 1000; ++i )
  31   1              {
  32   2                      for( j = 0; j < 1000; ++j )
  33   2                      {}
  34   2              }
  35   1      }
  36          
  37          void sendUartBit(char c)
  38          {
  39   1              //ES = 0;
  40   1              SBUF = c;
  41   1              while( !TI );
  42   1              TI = 0;
  43   1              //ES = 1;
  44   1      }
  45          
  46          void sendUart(char *str)
  47          {
  48   1              while( *str )
  49   1              {
  50   2                      sendUartBit(*(str++));
  51   2              }
  52   1      }
  53          
  54          void receiveUart(void) interrupt 4
  55          {        
C51 COMPILER V9.01   MAIN                                                                  01/20/2019 16:12:51 PAGE 2   

  56   1              if( RI )
  57   1              {
  58   2              receiveBuff[rxCnt++] = SBUF;
  59   2              if(rxCnt == 4 )
  60   2              {
  61   3                      receiveBuff[rxCnt] = '\r';
  62   3                      receiveBuff[rxCnt+1] = '\n';
  63   3                      rxCnt = 0;
  64   3                      rxFlag = 1;
  65   3              }
  66   2              RI = 0;
  67   2              /*SBUF = receiveBuff[0];
  68   2              while(!TI);
  69   2              TI = 0;  */
  70   2              }
  71   1              
  72   1      }
  73          
  74          void main(void)
  75          {
  76   1              initUart();
  77   1              delay();
  78   1              sendUart("connect ok\r\n");
  79   1              while(1)
  80   1              {       
  81   2                      if( rxFlag )
  82   2                      {
  83   3                              sendUart(receiveBuff);
  84   3                              rxFlag = 0;
  85   3                      }
  86   2                      /*sendUart("connect ok\r\n");
  87   2                      sendUart(receiveBuff);
  88   2                      delay(); */
  89   2              }
  90   1              /*while(1)
  91   1              {
  92   1                      sendUart(receiveBuff);
  93   1              }*/
  94   1              /*while(1)
  95   1              {
  96   1                      if(rxFlag)
  97   1                      {
  98   1                              sendUart(receiveBuff);
  99   1                              rxFlag = 0;
 100   1                      }
 101   1              }*/
 102   1      }
 103                          


MODULE INFORMATION:   STATIC OVERLAYABLE
   CODE SIZE        =    196    ----
   CONSTANT SIZE    =     13    ----
   XDATA SIZE       =   ----    ----
   PDATA SIZE       =   ----    ----
   DATA SIZE        =     38       3
   IDATA SIZE       =   ----    ----
   BIT SIZE         =      1    ----
END OF MODULE INFORMATION.


C51 COMPILATION COMPLETE.  0 WARNING(S),  0 ERROR(S)
