C51 COMPILER V9.01   WIFI                                                                  01/20/2019 16:29:03 PAGE 1   


C51 COMPILER V9.01, COMPILATION OF MODULE WIFI
OBJECT MODULE PLACED IN wifi.OBJ
COMPILER INVOKED BY: D:\KEIL\C51\BIN\C51.EXE wifi.c BROWSE DEBUG OBJECTEXTEND

line level    source

   1          #include "system.h"
   2          
   3          u8 receiveBuff[35] = "OK\n";
   4          u16 rxCnt = 0;
   5          bit rxFlag = 0;
   6          
   7          void initUart(void)
   8          {
   9   1              TMOD=0x20;
  10   1              TH1=0xfD;
  11   1              TL1=0xfD;
  12   1              TR1=1;
  13   1              REN=1;
  14   1              SM0=0;
  15   1              SM1=1;
  16   1              EA=1;
  17   1              ES=1;
  18   1      }
  19          
  20          void sendUartBit(char c)
  21          {
  22   1              //ES = 0;
  23   1              SBUF = c;
  24   1              while( !TI );
  25   1              TI = 0;
  26   1              //ES = 1;
  27   1      }
  28          
  29          void sendUart(char *str)
  30          {
  31   1              while( *str )
  32   1              {
  33   2                      sendUartBit(*(str++));
  34   2              }
  35   1      }
  36          
  37          void receiveUart(void) interrupt 4
  38          {        
  39   1              if( RI )
  40   1              {
  41   2                      receiveBuff[rxCnt++] = SBUF;
  42   2                      if(rxCnt == 4 )
  43   2                      {
  44   3                              receiveBuff[rxCnt] = '\r';
  45   3                              receiveBuff[rxCnt+1] = '\n';
  46   3                              rxCnt = 0;
  47   3                              rxFlag = 1;
  48   3                      }
  49   2                      RI = 0;
  50   2              }
  51   1              
  52   1      }


MODULE INFORMATION:   STATIC OVERLAYABLE
C51 COMPILER V9.01   WIFI                                                                  01/20/2019 16:29:03 PAGE 2   

   CODE SIZE        =    136    ----
   CONSTANT SIZE    =   ----    ----
   XDATA SIZE       =   ----    ----
   PDATA SIZE       =   ----    ----
   DATA SIZE        =     37       3
   IDATA SIZE       =   ----    ----
   BIT SIZE         =      1    ----
END OF MODULE INFORMATION.


C51 COMPILATION COMPLETE.  0 WARNING(S),  0 ERROR(S)
